<?xml version="1.0" encoding="UTF-8"?>
<!-- Generated by org.testng.reporters.JUnitXMLReporter -->
<testsuite ignored="0" hostname="LAPTOP-IFQ70GDN" failures="1" tests="1" name="Test" time="0.018" errors="0" timestamp="03 Dec 2020 15:12:59 GMT">
  <testcase classname="com.seleniumprograms.testng.Parameterization" name="tc1" time="0.0">
    <failure type="org.testng.TestNGException" message="
Parameter &amp;apos;firstname&amp;apos; is required by @Test on method tc1 but has not been marked @Optional or defined
in C:\Users\Ananth\git\Mayseleniumdemo\testng_parameter.xml">
      <![CDATA[org.testng.TestNGException: 
Parameter 'firstname' is required by @Test on method tc1 but has not been marked @Optional or defined
in C:\Users\Ananth\git\Mayseleniumdemo\testng_parameter.xml
... Removed 24 stack frames]]>
    </failure>
  </testcase> <!-- tc1 -->
</testsuite> <!-- Test -->
