<?xml version="1.0" encoding="UTF-8"?>
<!-- Generated by org.testng.reporters.JUnitXMLReporter -->
<testsuite ignored="0" hostname="LAPTOP-IFQ70GDN" failures="1" tests="3" name="Test2" time="0.009" errors="0" timestamp="03 Dec 2020 14:47:25 GMT">
  <testcase classname="com.seleniumprograms.testng.Test2" name="test2" time="0.002">
    <skipped/>
  </testcase> <!-- test2 -->
  <testcase classname="com.seleniumprograms.testng.Test2" name="test2" time="0.001">
    <skipped/>
  </testcase> <!-- test2 -->
  <testcase classname="com.seleniumprograms.testng.Test2" name="test2" time="0.001">
    <failure type="java.lang.AssertionError" message="expected [true] but found [false]">
      <![CDATA[java.lang.AssertionError: expected [true] but found [false]
	at com.seleniumprograms.testng.Test2.test2(Test2.java:12)
... Removed 29 stack frames]]>
    </failure>
  </testcase> <!-- test2 -->
</testsuite> <!-- Test2 -->
